[2024-05-12 10:13:03,356: INFO: main: welcome toour logging]
[2024-05-12 10:13:29,992: INFO: main: welcome toour logging]
[2024-05-12 12:38:36,814: INFO: common: yaml file: config\config.yaml loaded successfully]
[2024-05-12 12:38:36,829: INFO: common: yaml file: params.yaml loaded successfully]
[2024-05-12 12:38:36,837: INFO: common: yaml file: schema.yaml loaded successfully]
[2024-05-12 12:41:18,698: INFO: common: yaml file: config\config.yaml loaded successfully]
[2024-05-12 12:41:18,703: INFO: common: yaml file: params.yaml loaded successfully]
[2024-05-12 12:41:18,711: INFO: common: yaml file: schema.yaml loaded successfully]
[2024-05-12 12:41:26,342: INFO: common: yaml file: config\config.yaml loaded successfully]
[2024-05-12 12:41:26,346: INFO: common: yaml file: params.yaml loaded successfully]
[2024-05-12 12:41:26,353: INFO: common: yaml file: schema.yaml loaded successfully]
[2024-05-12 12:41:32,856: INFO: common: yaml file: config\config.yaml loaded successfully]
[2024-05-12 12:41:32,861: INFO: common: yaml file: params.yaml loaded successfully]
[2024-05-12 12:41:32,867: INFO: common: yaml file: schema.yaml loaded successfully]
[2024-05-12 12:42:11,617: INFO: common: yaml file: config\config.yaml loaded successfully]
[2024-05-12 12:42:11,622: INFO: common: yaml file: params.yaml loaded successfully]
[2024-05-12 12:42:11,627: INFO: common: yaml file: schema.yaml loaded successfully]
[2024-05-12 12:42:40,353: INFO: common: yaml file: config\config.yaml loaded successfully]
[2024-05-12 12:42:40,357: INFO: common: yaml file: params.yaml loaded successfully]
[2024-05-12 12:42:40,365: INFO: common: yaml file: schema.yaml loaded successfully]
[2024-05-12 12:42:40,369: INFO: common: created directory at: artifacts]
[2024-05-12 12:42:50,782: INFO: common: yaml file: config\config.yaml loaded successfully]
[2024-05-12 12:42:50,787: INFO: common: yaml file: params.yaml loaded successfully]
[2024-05-12 12:42:50,796: INFO: common: yaml file: schema.yaml loaded successfully]
[2024-05-12 12:42:50,799: INFO: common: created directory at: artifacts]
[2024-05-12 12:43:13,395: INFO: common: yaml file: config\config.yaml loaded successfully]
[2024-05-12 12:43:13,400: INFO: common: yaml file: params.yaml loaded successfully]
[2024-05-12 12:43:13,408: INFO: common: yaml file: schema.yaml loaded successfully]
[2024-05-12 12:43:13,411: INFO: common: created directory at: artifacts]
[2024-05-12 12:43:13,414: INFO: common: created directory at: artifacts/data_ingestion]
[2024-05-12 12:44:10,088: INFO: common: yaml file: config\config.yaml loaded successfully]
[2024-05-12 12:44:10,093: INFO: common: yaml file: params.yaml loaded successfully]
[2024-05-12 12:44:10,100: INFO: common: yaml file: schema.yaml loaded successfully]
[2024-05-12 12:44:10,103: INFO: common: created directory at: artifacts]
[2024-05-12 12:44:10,107: INFO: common: created directory at: artifacts/data_ingestion]
[2024-05-12 12:44:11,126: INFO: 2366278714: artifacts/data_ingestion/data.zip download! with following info: 
Connection: close
Content-Length: 23329
Cache-Control: max-age=300
Content-Security-Policy: default-src 'none'; style-src 'unsafe-inline'; sandbox
Content-Type: application/zip
ETag: "c69888a4ae59bc5a893392785a938ccd4937981c06ba8a9d6a21aa52b4ab5b6e"
Strict-Transport-Security: max-age=31536000
X-Content-Type-Options: nosniff
X-Frame-Options: deny
X-XSS-Protection: 1; mode=block
X-GitHub-Request-Id: BA16:11D178:276859:34C507:66406B23
Accept-Ranges: bytes
Date: Sun, 12 May 2024 07:14:11 GMT
Via: 1.1 varnish
X-Served-By: cache-del21747-DEL
X-Cache: HIT
X-Cache-Hits: 0
X-Timer: S1715498051.325485,VS0,VE1
Vary: Authorization,Accept-Encoding,Origin
Access-Control-Allow-Origin: *
Cross-Origin-Resource-Policy: cross-origin
X-Fastly-Request-ID: 1bf917a71ba514c6817cf66e950ae28f6f7e42fe
Expires: Sun, 12 May 2024 07:19:11 GMT
Source-Age: 283

]
[2024-05-12 12:44:26,919: INFO: common: yaml file: config\config.yaml loaded successfully]
[2024-05-12 12:44:26,924: INFO: common: yaml file: params.yaml loaded successfully]
[2024-05-12 12:44:26,931: INFO: common: yaml file: schema.yaml loaded successfully]
[2024-05-12 12:44:26,936: INFO: common: created directory at: artifacts]
[2024-05-12 12:44:26,939: INFO: common: created directory at: artifacts/data_ingestion]
[2024-05-12 12:44:40,389: INFO: common: yaml file: config\config.yaml loaded successfully]
[2024-05-12 12:44:40,393: INFO: common: yaml file: params.yaml loaded successfully]
[2024-05-12 12:44:40,400: INFO: common: yaml file: schema.yaml loaded successfully]
[2024-05-12 12:44:40,402: INFO: common: created directory at: artifacts]
[2024-05-12 12:44:40,404: INFO: common: created directory at: artifacts/data_ingestion]
[2024-05-12 12:44:40,406: INFO: 2366278714: File already exists of size: ~ 23 KB]
[2024-05-12 16:09:58,661: INFO: main: >>>>>> stage Data Ingestion stage strated  <<<<<]
[2024-05-12 16:09:58,661: INFO: common: yaml file: config\config.yaml loaded successfully]
[2024-05-12 16:09:58,678: INFO: common: yaml file: params.yaml loaded successfully]
[2024-05-12 16:09:58,680: INFO: common: yaml file: schema.yaml loaded successfully]
[2024-05-12 16:09:58,681: INFO: common: created directory at: artifacts]
[2024-05-12 16:09:58,682: INFO: common: created directory at: artifacts/data_ingestion]
[2024-05-12 16:09:59,927: INFO: data_ingestion: artifacts/data_ingestion/data.zip download! with following info: 
Connection: close
Content-Length: 23329
Cache-Control: max-age=300
Content-Security-Policy: default-src 'none'; style-src 'unsafe-inline'; sandbox
Content-Type: application/zip
ETag: "c69888a4ae59bc5a893392785a938ccd4937981c06ba8a9d6a21aa52b4ab5b6e"
Strict-Transport-Security: max-age=31536000
X-Content-Type-Options: nosniff
X-Frame-Options: deny
X-XSS-Protection: 1; mode=block
X-GitHub-Request-Id: 8AD6:9241D:18F68E:221A50:66409C7F
Accept-Ranges: bytes
Date: Sun, 12 May 2024 10:40:00 GMT
Via: 1.1 varnish
X-Served-By: cache-del21738-DEL
X-Cache: MISS
X-Cache-Hits: 0
X-Timer: S1715510400.167353,VS0,VE275
Vary: Authorization,Accept-Encoding,Origin
Access-Control-Allow-Origin: *
Cross-Origin-Resource-Policy: cross-origin
X-Fastly-Request-ID: d2bd0c86c175f1108ab3d0fde540d1453188b67b
Expires: Sun, 12 May 2024 10:45:00 GMT
Source-Age: 0

]
[2024-05-12 16:09:59,941: INFO: main: >>>>>> stage Data Ingestion stage completed  <<<<<

x===========x]
[2024-05-12 16:35:42,470: INFO: main: >>>>>> stage Data Ingestion stage strated  <<<<<]
[2024-05-12 16:35:42,470: INFO: common: yaml file: config\config.yaml loaded successfully]
[2024-05-12 16:35:42,485: INFO: common: yaml file: params.yaml loaded successfully]
[2024-05-12 16:35:42,485: INFO: common: yaml file: schema.yaml loaded successfully]
[2024-05-12 16:35:42,491: INFO: common: created directory at: artifacts]
[2024-05-12 16:35:42,492: INFO: common: created directory at: artifacts/data_ingestion]
[2024-05-12 16:35:43,715: INFO: data_ingestion: artifacts/data_ingestion/data.zip download! with following info: 
Connection: close
Content-Length: 23329
Cache-Control: max-age=300
Content-Security-Policy: default-src 'none'; style-src 'unsafe-inline'; sandbox
Content-Type: application/zip
ETag: "c69888a4ae59bc5a893392785a938ccd4937981c06ba8a9d6a21aa52b4ab5b6e"
Strict-Transport-Security: max-age=31536000
X-Content-Type-Options: nosniff
X-Frame-Options: deny
X-XSS-Protection: 1; mode=block
X-GitHub-Request-Id: 8AD6:9241D:18F68E:221A50:66409C7F
Accept-Ranges: bytes
Date: Sun, 12 May 2024 11:05:44 GMT
Via: 1.1 varnish
X-Served-By: cache-del21732-DEL
X-Cache: HIT
X-Cache-Hits: 0
X-Timer: S1715511944.968383,VS0,VE279
Vary: Authorization,Accept-Encoding,Origin
Access-Control-Allow-Origin: *
Cross-Origin-Resource-Policy: cross-origin
X-Fastly-Request-ID: ca556ba49b4bba7065ff82f774609fb8832ccd8c
Expires: Sun, 12 May 2024 11:10:44 GMT
Source-Age: 0

]
[2024-05-12 16:35:43,728: INFO: main: >>>>>> stage Data Ingestion stage completed  <<<<<

x===========x]
